<?xml version="1.0" encoding="UTF-8"?>
<!-- Generated by org.testng.reporters.JUnitReportReporter -->
<testsuite hostname="thimmaiahyadav" failures="0" tests="1" name="Tests.LoginTest" time="1.227" errors="0" timestamp="2025-08-21T12:14:05 IST" skipped="0">
  <testcase classname="Tests.LoginTest" name="testLogin" time="1.227"/>
</testsuite> <!-- Tests.LoginTest -->
